<?xml version="1.0" encoding="UTF-8"?>
<!-- Generated by org.testng.reporters.JUnitReportReporter -->
<testsuite hostname="DESKTOP-V67KR6L" failures="0" tests="3" name="apiTests.PetStoreAPI_Tests" time="5.127" errors="0" timestamp="2022-02-20T20:46:54 EST" skipped="0">
  <testcase classname="apiTests.PetStoreAPI_Tests" name="getPetByID" time="0.351"/>
  <system-out/>
  <testcase classname="apiTests.PetStoreAPI_Tests" name="justPrintingSomehing" time="0.317"/>
  <system-out/>
  <testcase classname="apiTests.PetStoreAPI_Tests" name="createAPet" time="4.459"/>
  <system-out/>
</testsuite> <!-- apiTests.PetStoreAPI_Tests -->
